<?xml version="1.0" encoding="UTF-8"?>
<!-- Generated by org.testng.reporters.JUnitXMLReporter -->
<testsuite hostname="LAPTOP-RG5BBFG9" name="Chrome test" tests="6" failures="0" timestamp="3 Sep 2021 17:02:22 GMT" time="841.17" errors="0">
  <testcase name="brandsExtraction" time="352.281" classname="regressionTests.BrandsTest"/>
  <testcase name="categoriesExtraction" time="61.376" classname="regressionTests.CategoriesTest"/>
  <testcase name="clippingCoupons" time="107.164" classname="regressionTests.ClippedCouponExistsTest"/>
  <testcase name="printingClippedCouponsWithShowImagesChecked" time="105.25" classname="regressionTests.PrintClippedCoupons_CheckShowImg_Test"/>
  <testcase name="printingClippedCouponsWithShowImagesUnChecked" time="105.688" classname="regressionTests.PrintClippedCoupons_UnCheckShowImg_Test"/>
  <testcase name="ValidateSingleCategoryUnderCategoriesListed" time="95.357" classname="regressionTests.ValidateSingleCategoryUnderCategoriesListedTest"/>
</testsuite> <!-- Chrome test -->
