<?xml version="1.0" encoding="UTF-8"?>
<!-- Generated by org.testng.reporters.JUnitXMLReporter -->
<testsuite hostname="LAPTOP-RG5BBFG9" name="Firefox test" tests="9" failures="2" timestamp="14 Sep 2021 16:47:04 GMT" time="1185.355" errors="0">
  <testcase name="validateMessageForInvalidPreferredContactType" time="75.621" classname="myAccountPageTests.ValidateMessageForInvalidContactType"/>
  <testcase name="validateMessageForValidPreferredContactType" time="64.734" classname="myAccountPageTests.ValidateMessageForValidContactType"/>
  <testcase name="validateMessageForInvalidPreferredContactType" time="83.933" classname="myAccountPageTests.VerifyStateWithHomeTown"/>
  <testcase name="verifyAllStatesWithErrorsInAddressBook" time="537.282" classname="myAccountPageTests.VerifyAllStatesWithErrorsInAddressBook">
    <failure type="java.lang.AssertionError" message="Fail: There are States with error:[AA, AE, AP, AS, AE, GU, MP, UM]">
      <![CDATA[java.lang.AssertionError: Fail: There are States with error:[AA, AE, AP, AS, AE, GU, MP, UM]
	at baseClasses.BaseTestClass.reportFail(BaseTestClass.java:154)
	at myAccountPageTests.VerifyAllStatesWithErrorsInAddressBook.verifyAllStatesWithErrorsInAddressBook(VerifyAllStatesWithErrorsInAddressBook.java:212)
... Removed 26 stack frames]]>
    </failure>
  </testcase> <!-- verifyAllStatesWithErrorsInAddressBook -->
  <testcase name="verifyAllStatesWithErrorsInAddressBook" time="75.94" classname="myAccountPageTests.ValidateDuplicateStatesInDropDown">
    <failure type="java.lang.AssertionError" message="Fail: States which are duplicated : [AE, DC]">
      <![CDATA[java.lang.AssertionError: Fail: States which are duplicated : [AE, DC]
	at baseClasses.BaseTestClass.reportFail(BaseTestClass.java:154)
	at myAccountPageTests.ValidateDuplicateStatesInDropDown.verifyAllStatesWithErrorsInAddressBook(ValidateDuplicateStatesInDropDown.java:110)
... Removed 26 stack frames]]>
    </failure>
  </testcase> <!-- verifyAllStatesWithErrorsInAddressBook -->
  <testcase name="verifyAddressBookByAddingNewAddress" time="77.233" classname="myAccountPageTests.VerifyAddressBookByAddingNewAddress"/>
  <testcase name="verifyPersonalInformationByEditing" time="60.9" classname="myAccountPageTests.VerifyPersonalInformation"/>
  <testcase name="verifyPersonalInformationByEditing" time="65.543" classname="myAccountPageTests.VerifyEmailSubscriptions"/>
  <testcase name="verifyAddressBookByDeletingLatestUpdatedAddress" time="81.576" classname="myAccountPageTests.VerifyAddressBookByDeletingAddress"/>
</testsuite> <!-- Firefox test -->
