<?xml version="1.0" encoding="UTF-8"?>
<!-- Generated by org.testng.reporters.JUnitXMLReporter -->
<testsuite hostname="LAPTOP-RG5BBFG9" name="Firefox test" tests="6" failures="0" timestamp="3 Sep 2021 17:12:50 GMT" time="627.874" errors="0">
  <testcase name="brandsExtraction" time="196.313" classname="regressionTests.BrandsTest"/>
  <testcase name="categoriesExtraction" time="55.8" classname="regressionTests.CategoriesTest"/>
  <testcase name="clippingCoupons" time="80.711" classname="regressionTests.ClippedCouponExistsTest"/>
  <testcase name="printingClippedCouponsWithShowImagesChecked" time="86.067" classname="regressionTests.PrintClippedCoupons_CheckShowImg_Test"/>
  <testcase name="printingClippedCouponsWithShowImagesUnChecked" time="85.6" classname="regressionTests.PrintClippedCoupons_UnCheckShowImg_Test"/>
  <testcase name="ValidateSingleCategoryUnderCategoriesListed" time="85.078" classname="regressionTests.ValidateSingleCategoryUnderCategoriesListedTest"/>
</testsuite> <!-- Firefox test -->
