<?xml version="1.0" encoding="UTF-8"?>
<!-- Generated by org.testng.reporters.JUnitXMLReporter -->
<testsuite hostname="LAPTOP-RG5BBFG9" name="Regression test" tests="6" failures="0" timestamp="25 Aug 2021 13:18:15 GMT" time="837.314" errors="0">
  <testcase name="brandsExtraction" time="107.606" classname="regressionTests.BrandsTest"/>
  <testcase name="categoriesExtraction" time="86.619" classname="regressionTests.CategoriesTest"/>
  <testcase name="clippingCoupons" time="147.641" classname="regressionTests.ClippedCouponExistsTest"/>
  <testcase name="clippingCoupons" time="147.891" classname="regressionTests.PrintClippedCoupons_CheckShowImg_Test"/>
  <testcase name="clippingCoupons" time="224.84" classname="regressionTests.PrintClippedCoupons_UnCheckShowImg_Test"/>
  <testcase name="clippingCoupons" time="109.489" classname="regressionTests.ValidateSingleCategoryUnderCategoriesListedTest"/>
</testsuite> <!-- Regression test -->
