<?xml version="1.0" encoding="UTF-8"?>
<!-- Generated by org.testng.reporters.JUnitXMLReporter -->
<testsuite hostname="LAPTOP-RG5BBFG9" name="Regression test" tests="6" failures="0" timestamp="26 Aug 2021 06:39:06 GMT" time="776.234" errors="0">
  <testcase name="brandsExtraction" time="99.952" classname="regressionTests.BrandsTest"/>
  <testcase name="categoriesExtraction" time="84.395" classname="regressionTests.CategoriesTest"/>
  <testcase name="clippingCoupons" time="133.915" classname="regressionTests.ClippedCouponExistsTest"/>
  <testcase name="printingClippedCouponsWithShowImagesChecked" time="135.204" classname="regressionTests.PrintClippedCoupons_CheckShowImg_Test"/>
  <testcase name="printingClippedCouponsWithShowImagesUnChecked" time="215.647" classname="regressionTests.PrintClippedCoupons_UnCheckShowImg_Test"/>
  <testcase name="ValidateSingleCategoryUnderCategoriesListed" time="96.58" classname="regressionTests.ValidateSingleCategoryUnderCategoriesListedTest"/>
</testsuite> <!-- Regression test -->
