<?xml version="1.0" encoding="UTF-8"?>
<testng-results skipped="0" failed="0" total="6" passed="6">
  <reporter-output>
  </reporter-output>
  <suite name="TheFreshGrocer" duration-ms="917780" started-at="2021-08-28T04:10:07Z" finished-at="2021-08-28T04:25:25Z">
    <groups>
    </groups>
    <test name="Regression test" duration-ms="917780" started-at="2021-08-28T04:10:07Z" finished-at="2021-08-28T04:25:25Z">
      <class name="regressionTests.ClippedCouponExistsTest">
        <test-method status="PASS" signature="openBrowser(java.lang.String)[pri:0, instance:regressionTests.ClippedCouponExistsTest@53b32d7]" name="openBrowser" is-config="true" duration-ms="1554" started-at="2021-08-28T09:44:18Z" finished-at="2021-08-28T09:44:20Z">
          <params>
            <param index="0">
              <value>
                <![CDATA[chrome]]>
              </value>
            </param>
          </params>
          <reporter-output>
          </reporter-output>
        </test-method> <!-- openBrowser -->
        <test-method status="PASS" signature="clippingCoupons(java.lang.String)[pri:0, instance:regressionTests.ClippedCouponExistsTest@53b32d7]" name="clippingCoupons" duration-ms="151341" started-at="2021-08-28T09:44:20Z" finished-at="2021-08-28T09:46:51Z">
          <params>
            <param index="0">
              <value>
                <![CDATA[staging]]>
              </value>
            </param>
          </params>
          <reporter-output>
          </reporter-output>
        </test-method> <!-- clippingCoupons -->
        <test-method status="PASS" signature="closeAllTheBrowser()[pri:0, instance:regressionTests.ClippedCouponExistsTest@53b32d7]" name="closeAllTheBrowser" is-config="true" duration-ms="91" started-at="2021-08-28T09:46:51Z" finished-at="2021-08-28T09:46:51Z">
          <reporter-output>
          </reporter-output>
        </test-method> <!-- closeAllTheBrowser -->
      </class> <!-- regressionTests.ClippedCouponExistsTest -->
      <class name="regressionTests.BrandsTest">
        <test-method status="PASS" signature="openBrowser(java.lang.String)[pri:0, instance:regressionTests.BrandsTest@57baeedf]" name="openBrowser" is-config="true" duration-ms="4411" started-at="2021-08-28T09:40:07Z" finished-at="2021-08-28T09:40:12Z">
          <params>
            <param index="0">
              <value>
                <![CDATA[chrome]]>
              </value>
            </param>
          </params>
          <reporter-output>
          </reporter-output>
        </test-method> <!-- openBrowser -->
        <test-method status="PASS" signature="brandsExtraction(java.lang.String)[pri:0, instance:regressionTests.BrandsTest@57baeedf]" name="brandsExtraction" duration-ms="148014" started-at="2021-08-28T09:40:12Z" finished-at="2021-08-28T09:42:40Z">
          <params>
            <param index="0">
              <value>
                <![CDATA[staging]]>
              </value>
            </param>
          </params>
          <reporter-output>
          </reporter-output>
        </test-method> <!-- brandsExtraction -->
        <test-method status="PASS" signature="closeAllTheBrowser()[pri:0, instance:regressionTests.BrandsTest@57baeedf]" name="closeAllTheBrowser" is-config="true" duration-ms="124" started-at="2021-08-28T09:42:40Z" finished-at="2021-08-28T09:42:40Z">
          <reporter-output>
          </reporter-output>
        </test-method> <!-- closeAllTheBrowser -->
      </class> <!-- regressionTests.BrandsTest -->
      <class name="regressionTests.PrintClippedCoupons_CheckShowImg_Test">
        <test-method status="PASS" signature="openBrowser(java.lang.String)[pri:0, instance:regressionTests.PrintClippedCoupons_CheckShowImg_Test@5442a311]" name="openBrowser" is-config="true" duration-ms="1660" started-at="2021-08-28T09:46:51Z" finished-at="2021-08-28T09:46:53Z">
          <params>
            <param index="0">
              <value>
                <![CDATA[chrome]]>
              </value>
            </param>
          </params>
          <reporter-output>
          </reporter-output>
        </test-method> <!-- openBrowser -->
        <test-method status="PASS" signature="printingClippedCouponsWithShowImagesChecked(java.lang.String)[pri:0, instance:regressionTests.PrintClippedCoupons_CheckShowImg_Test@5442a311]" name="printingClippedCouponsWithShowImagesChecked" duration-ms="153715" started-at="2021-08-28T09:46:53Z" finished-at="2021-08-28T09:49:27Z">
          <params>
            <param index="0">
              <value>
                <![CDATA[staging]]>
              </value>
            </param>
          </params>
          <reporter-output>
          </reporter-output>
        </test-method> <!-- printingClippedCouponsWithShowImagesChecked -->
        <test-method status="PASS" signature="closeAllTheBrowser()[pri:0, instance:regressionTests.PrintClippedCoupons_CheckShowImg_Test@5442a311]" name="closeAllTheBrowser" is-config="true" duration-ms="151" started-at="2021-08-28T09:49:27Z" finished-at="2021-08-28T09:49:27Z">
          <reporter-output>
          </reporter-output>
        </test-method> <!-- closeAllTheBrowser -->
      </class> <!-- regressionTests.PrintClippedCoupons_CheckShowImg_Test -->
      <class name="regressionTests.ValidateSingleCategoryUnderCategoriesListedTest">
        <test-method status="PASS" signature="openBrowser(java.lang.String)[pri:0, instance:regressionTests.ValidateSingleCategoryUnderCategoriesListedTest@1a968a59]" name="openBrowser" is-config="true" duration-ms="1712" started-at="2021-08-28T09:53:22Z" finished-at="2021-08-28T09:53:24Z">
          <params>
            <param index="0">
              <value>
                <![CDATA[chrome]]>
              </value>
            </param>
          </params>
          <reporter-output>
          </reporter-output>
        </test-method> <!-- openBrowser -->
        <test-method status="PASS" signature="ValidateSingleCategoryUnderCategoriesListed(java.lang.String)[pri:0, instance:regressionTests.ValidateSingleCategoryUnderCategoriesListedTest@1a968a59]" name="ValidateSingleCategoryUnderCategoriesListed" duration-ms="121201" started-at="2021-08-28T09:53:24Z" finished-at="2021-08-28T09:55:25Z">
          <params>
            <param index="0">
              <value>
                <![CDATA[staging]]>
              </value>
            </param>
          </params>
          <reporter-output>
          </reporter-output>
        </test-method> <!-- ValidateSingleCategoryUnderCategoriesListed -->
        <test-method status="PASS" signature="closeAllTheBrowser()[pri:0, instance:regressionTests.ValidateSingleCategoryUnderCategoriesListedTest@1a968a59]" name="closeAllTheBrowser" is-config="true" duration-ms="87" started-at="2021-08-28T09:55:25Z" finished-at="2021-08-28T09:55:25Z">
          <reporter-output>
          </reporter-output>
        </test-method> <!-- closeAllTheBrowser -->
      </class> <!-- regressionTests.ValidateSingleCategoryUnderCategoriesListedTest -->
      <class name="regressionTests.CategoriesTest">
        <test-method status="PASS" signature="openBrowser(java.lang.String)[pri:0, instance:regressionTests.CategoriesTest@343f4d3d]" name="openBrowser" is-config="true" duration-ms="1675" started-at="2021-08-28T09:42:40Z" finished-at="2021-08-28T09:42:42Z">
          <params>
            <param index="0">
              <value>
                <![CDATA[chrome]]>
              </value>
            </param>
          </params>
          <reporter-output>
          </reporter-output>
        </test-method> <!-- openBrowser -->
        <test-method status="PASS" signature="categoriesExtraction(java.lang.String)[pri:0, instance:regressionTests.CategoriesTest@343f4d3d]" name="categoriesExtraction" duration-ms="96715" started-at="2021-08-28T09:42:42Z" finished-at="2021-08-28T09:44:18Z">
          <params>
            <param index="0">
              <value>
                <![CDATA[staging]]>
              </value>
            </param>
          </params>
          <reporter-output>
          </reporter-output>
        </test-method> <!-- categoriesExtraction -->
        <test-method status="PASS" signature="closeAllTheBrowser()[pri:0, instance:regressionTests.CategoriesTest@343f4d3d]" name="closeAllTheBrowser" is-config="true" duration-ms="87" started-at="2021-08-28T09:44:18Z" finished-at="2021-08-28T09:44:18Z">
          <reporter-output>
          </reporter-output>
        </test-method> <!-- closeAllTheBrowser -->
      </class> <!-- regressionTests.CategoriesTest -->
      <class name="regressionTests.PrintClippedCoupons_UnCheckShowImg_Test">
        <test-method status="PASS" signature="openBrowser(java.lang.String)[pri:0, instance:regressionTests.PrintClippedCoupons_UnCheckShowImg_Test@548e7350]" name="openBrowser" is-config="true" duration-ms="1498" started-at="2021-08-28T09:49:27Z" finished-at="2021-08-28T09:49:28Z">
          <params>
            <param index="0">
              <value>
                <![CDATA[chrome]]>
              </value>
            </param>
          </params>
          <reporter-output>
          </reporter-output>
        </test-method> <!-- openBrowser -->
        <test-method status="PASS" signature="printingClippedCouponsWithShowImagesUnChecked(java.lang.String)[pri:0, instance:regressionTests.PrintClippedCoupons_UnCheckShowImg_Test@548e7350]" name="printingClippedCouponsWithShowImagesUnChecked" duration-ms="233519" started-at="2021-08-28T09:49:28Z" finished-at="2021-08-28T09:53:22Z">
          <params>
            <param index="0">
              <value>
                <![CDATA[staging]]>
              </value>
            </param>
          </params>
          <reporter-output>
          </reporter-output>
        </test-method> <!-- printingClippedCouponsWithShowImagesUnChecked -->
        <test-method status="PASS" signature="closeAllTheBrowser()[pri:0, instance:regressionTests.PrintClippedCoupons_UnCheckShowImg_Test@548e7350]" name="closeAllTheBrowser" is-config="true" duration-ms="113" started-at="2021-08-28T09:53:22Z" finished-at="2021-08-28T09:53:22Z">
          <reporter-output>
          </reporter-output>
        </test-method> <!-- closeAllTheBrowser -->
      </class> <!-- regressionTests.PrintClippedCoupons_UnCheckShowImg_Test -->
    </test> <!-- Regression test -->
  </suite> <!-- TheFreshGrocer -->
</testng-results>
