<?xml version="1.0" encoding="UTF-8"?>
<!-- Generated by org.testng.reporters.JUnitXMLReporter -->
<testsuite hostname="LAPTOP-RG5BBFG9" name="Regression test" tests="7" failures="0" timestamp="16 Aug 2021 08:40:03 GMT" time="188.755" errors="0">
  <testcase name="couponDetailsVerification" time="156.891" classname="regressionTests.LoginTest"/>
  <testcase name="verifyCouponDetails" time="0.298" classname="regressionTests.LoginTest"/>
  <testcase name="verifyCouponDetails" time="0.501" classname="regressionTests.LoginTest"/>
  <testcase name="verifyCouponDetails" time="0.52" classname="regressionTests.LoginTest"/>
  <testcase name="verifyCouponDetails" time="0.642" classname="regressionTests.LoginTest"/>
  <testcase name="verifyCouponDetails" time="0.699" classname="regressionTests.LoginTest"/>
  <testcase name="verifyCouponDetails" time="26.34" classname="regressionTests.LoginTest"/>
</testsuite> <!-- Regression test -->
